<html>
<head>
<title>TestNG:  Test</title>
<link href="../testng.css" rel="stylesheet" type="text/css" />
<link href="../my-testng.css" rel="stylesheet" type="text/css" />

<style type="text/css">
.log { display: none;} 
.stack-trace { display: none;} 
</style>
<script type="text/javascript">
<!--
function flip(e) {
  current = e.style.display;
  if (current == 'block') {
    e.style.display = 'none';
    return 0;
  }
  else {
    e.style.display = 'block';
    return 1;
  }
}

function toggleBox(szDivId, elem, msg1, msg2)
{
  var res = -1;  if (document.getElementById) {
    res = flip(document.getElementById(szDivId));
  }
  else if (document.all) {
    // this is the way old msie versions work
    res = flip(document.all[szDivId]);
  }
  if(elem) {
    if(res == 0) elem.innerHTML = msg1; else elem.innerHTML = msg2;
  }

}

function toggleAllBoxes() {
  if (document.getElementsByTagName) {
    d = document.getElementsByTagName('div');
    for (i = 0; i < d.length; i++) {
      if (d[i].className == 'log') {
        flip(d[i]);
      }
    }
  }
}

// -->
</script>

</head>
<body>
<h2 align='center'>Test</h2><table border='1' align="center">
<tr>
<td>Tests passed/Failed/Skipped:</td><td>24/8/0</td>
</tr><tr>
<td>Started on:</td><td>Sat Nov 30 22:26:11 IST 2024</td>
</tr>
<tr><td>Total time:</td><td>41 seconds (41952 ms)</td>
</tr><tr>
<td>Included groups:</td><td></td>
</tr><tr>
<td>Excluded groups:</td><td></td>
</tr>
</table><p/>
<small><i>(Hover the method name to see the test class name)</i></small><p/>
<table width='100%' border='1' class='invocation-failed'>
<tr><td colspan='4' align='center'><b>FAILED TESTS</b></td></tr>
<tr><td><b>Test method</b></td>
<td width="30%"><b>Exception</b></td>
<td width="10%"><b>Time (seconds)</b></td>
<td><b>Instance</b></td>
</tr>
<tr>
<td title='seleniumWebdriver.TC005.testPassword()'><b>testPassword</b><br>Test class: seleniumWebdriver.TC005</td>
<td><div><pre>java.lang.AssertionError: expected [] but found [[[ChromeDriver: chrome on windows (b5c812def2b7dbbcf6c66c930aeb6a9a)] -&gt; xpath: //input[@id=&apos;pass&apos;]]]
	at seleniumWebdriver.TC005.testPassword(TC005.java:35)
	at java.base/java.util.ArrayList.forEach(ArrayList.java:1596)
... Removed 30 stack frames</pre></div><a href='#' onClick='toggleBox("stack-trace9843062", this, "Click to show all stack frames", "Click to hide stack frames")'>Click to show all stack frames</a>
<div class='stack-trace' id='stack-trace9843062'><pre>java.lang.AssertionError: expected [] but found [[[ChromeDriver: chrome on windows (b5c812def2b7dbbcf6c66c930aeb6a9a)] -&gt; xpath: //input[@id=&apos;pass&apos;]]]
	at org.testng.Assert.fail(Assert.java:99)
	at org.testng.Assert.failNotEquals(Assert.java:1037)
	at org.testng.Assert.assertEqualsImpl(Assert.java:140)
	at org.testng.Assert.assertEquals(Assert.java:122)
	at org.testng.Assert.assertEquals(Assert.java:617)
	at seleniumWebdriver.TC005.testPassword(TC005.java:35)
	at java.base/jdk.internal.reflect.DirectMethodHandleAccessor.invoke(DirectMethodHandleAccessor.java:103)
	at java.base/java.lang.reflect.Method.invoke(Method.java:580)
	at org.testng.internal.MethodInvocationHelper.invokeMethod(MethodInvocationHelper.java:133)
	at org.testng.internal.TestInvoker.invokeMethod(TestInvoker.java:598)
	at org.testng.internal.TestInvoker.invokeTestMethod(TestInvoker.java:173)
	at org.testng.internal.MethodRunner.runInSequence(MethodRunner.java:46)
	at org.testng.internal.TestInvoker$MethodInvocationAgent.invoke(TestInvoker.java:824)
	at org.testng.internal.TestInvoker.invokeTestMethods(TestInvoker.java:146)
	at org.testng.internal.TestMethodWorker.invokeTestMethods(TestMethodWorker.java:146)
	at org.testng.internal.TestMethodWorker.run(TestMethodWorker.java:128)
	at java.base/java.util.ArrayList.forEach(ArrayList.java:1596)
	at org.testng.TestRunner.privateRun(TestRunner.java:794)
	at org.testng.TestRunner.run(TestRunner.java:596)
	at org.testng.SuiteRunner.runTest(SuiteRunner.java:377)
	at org.testng.SuiteRunner.runSequentially(SuiteRunner.java:371)
	at org.testng.SuiteRunner.privateRun(SuiteRunner.java:332)
	at org.testng.SuiteRunner.run(SuiteRunner.java:276)
	at org.testng.SuiteRunnerWorker.runSuite(SuiteRunnerWorker.java:53)
	at org.testng.SuiteRunnerWorker.run(SuiteRunnerWorker.java:96)
	at org.testng.TestNG.runSuitesSequentially(TestNG.java:1212)
	at org.testng.TestNG.runSuitesLocally(TestNG.java:1134)
	at org.testng.TestNG.runSuites(TestNG.java:1063)
	at org.testng.TestNG.run(TestNG.java:1031)
	at org.testng.remote.AbstractRemoteTestNG.run(AbstractRemoteTestNG.java:115)
	at org.testng.remote.RemoteTestNG.initAndRun(RemoteTestNG.java:293)
	at org.testng.remote.RemoteTestNG.main(RemoteTestNG.java:91)
</pre></div></td>
<td>0</td>
<td>seleniumWebdriver.TC005@2970a5bc</td></tr>
<tr>
<td title='seleniumWebdriver.TC004.testUsername()'><b>testUsername</b><br>Test class: seleniumWebdriver.TC004</td>
<td><div><pre>java.lang.AssertionError: expected [] but found [[[ChromeDriver: chrome on windows (5ad34153e54093714ce987f6801d14b4)] -&gt; xpath: //input[@id=&apos;email&apos;]]]
	at seleniumWebdriver.TC004.testUsername(TC004.java:30)
	at java.base/java.util.ArrayList.forEach(ArrayList.java:1596)
... Removed 30 stack frames</pre></div><a href='#' onClick='toggleBox("stack-trace1936670366", this, "Click to show all stack frames", "Click to hide stack frames")'>Click to show all stack frames</a>
<div class='stack-trace' id='stack-trace1936670366'><pre>java.lang.AssertionError: expected [] but found [[[ChromeDriver: chrome on windows (5ad34153e54093714ce987f6801d14b4)] -&gt; xpath: //input[@id=&apos;email&apos;]]]
	at org.testng.Assert.fail(Assert.java:99)
	at org.testng.Assert.failNotEquals(Assert.java:1037)
	at org.testng.Assert.assertEqualsImpl(Assert.java:140)
	at org.testng.Assert.assertEquals(Assert.java:122)
	at org.testng.Assert.assertEquals(Assert.java:617)
	at seleniumWebdriver.TC004.testUsername(TC004.java:30)
	at java.base/jdk.internal.reflect.DirectMethodHandleAccessor.invoke(DirectMethodHandleAccessor.java:103)
	at java.base/java.lang.reflect.Method.invoke(Method.java:580)
	at org.testng.internal.MethodInvocationHelper.invokeMethod(MethodInvocationHelper.java:133)
	at org.testng.internal.TestInvoker.invokeMethod(TestInvoker.java:598)
	at org.testng.internal.TestInvoker.invokeTestMethod(TestInvoker.java:173)
	at org.testng.internal.MethodRunner.runInSequence(MethodRunner.java:46)
	at org.testng.internal.TestInvoker$MethodInvocationAgent.invoke(TestInvoker.java:824)
	at org.testng.internal.TestInvoker.invokeTestMethods(TestInvoker.java:146)
	at org.testng.internal.TestMethodWorker.invokeTestMethods(TestMethodWorker.java:146)
	at org.testng.internal.TestMethodWorker.run(TestMethodWorker.java:128)
	at java.base/java.util.ArrayList.forEach(ArrayList.java:1596)
	at org.testng.TestRunner.privateRun(TestRunner.java:794)
	at org.testng.TestRunner.run(TestRunner.java:596)
	at org.testng.SuiteRunner.runTest(SuiteRunner.java:377)
	at org.testng.SuiteRunner.runSequentially(SuiteRunner.java:371)
	at org.testng.SuiteRunner.privateRun(SuiteRunner.java:332)
	at org.testng.SuiteRunner.run(SuiteRunner.java:276)
	at org.testng.SuiteRunnerWorker.runSuite(SuiteRunnerWorker.java:53)
	at org.testng.SuiteRunnerWorker.run(SuiteRunnerWorker.java:96)
	at org.testng.TestNG.runSuitesSequentially(TestNG.java:1212)
	at org.testng.TestNG.runSuitesLocally(TestNG.java:1134)
	at org.testng.TestNG.runSuites(TestNG.java:1063)
	at org.testng.TestNG.run(TestNG.java:1031)
	at org.testng.remote.AbstractRemoteTestNG.run(AbstractRemoteTestNG.java:115)
	at org.testng.remote.RemoteTestNG.initAndRun(RemoteTestNG.java:293)
	at org.testng.remote.RemoteTestNG.main(RemoteTestNG.java:91)
</pre></div></td>
<td>0</td>
<td>seleniumWebdriver.TC004@62c5bbdc</td></tr>
<tr>
<td title='seleniumWebdriver.TC003.testPassword()'><b>testPassword</b><br>Test class: seleniumWebdriver.TC003</td>
<td><div><pre>java.lang.AssertionError: The following asserts failed:
	expected [admin@12] but found [admin@123]
	at seleniumWebdriver.TC003.testPassword(TC003.java:40)
	at java.base/java.util.ArrayList.forEach(ArrayList.java:1596)
... Removed 27 stack frames</pre></div><a href='#' onClick='toggleBox("stack-trace1206180304", this, "Click to show all stack frames", "Click to hide stack frames")'>Click to show all stack frames</a>
<div class='stack-trace' id='stack-trace1206180304'><pre>java.lang.AssertionError: The following asserts failed:
	expected [admin@12] but found [admin@123]
	at org.testng.asserts.SoftAssert.assertAll(SoftAssert.java:47)
	at org.testng.asserts.SoftAssert.assertAll(SoftAssert.java:31)
	at seleniumWebdriver.TC003.testPassword(TC003.java:40)
	at java.base/jdk.internal.reflect.DirectMethodHandleAccessor.invoke(DirectMethodHandleAccessor.java:103)
	at java.base/java.lang.reflect.Method.invoke(Method.java:580)
	at org.testng.internal.MethodInvocationHelper.invokeMethod(MethodInvocationHelper.java:133)
	at org.testng.internal.TestInvoker.invokeMethod(TestInvoker.java:598)
	at org.testng.internal.TestInvoker.invokeTestMethod(TestInvoker.java:173)
	at org.testng.internal.MethodRunner.runInSequence(MethodRunner.java:46)
	at org.testng.internal.TestInvoker$MethodInvocationAgent.invoke(TestInvoker.java:824)
	at org.testng.internal.TestInvoker.invokeTestMethods(TestInvoker.java:146)
	at org.testng.internal.TestMethodWorker.invokeTestMethods(TestMethodWorker.java:146)
	at org.testng.internal.TestMethodWorker.run(TestMethodWorker.java:128)
	at java.base/java.util.ArrayList.forEach(ArrayList.java:1596)
	at org.testng.TestRunner.privateRun(TestRunner.java:794)
	at org.testng.TestRunner.run(TestRunner.java:596)
	at org.testng.SuiteRunner.runTest(SuiteRunner.java:377)
	at org.testng.SuiteRunner.runSequentially(SuiteRunner.java:371)
	at org.testng.SuiteRunner.privateRun(SuiteRunner.java:332)
	at org.testng.SuiteRunner.run(SuiteRunner.java:276)
	at org.testng.SuiteRunnerWorker.runSuite(SuiteRunnerWorker.java:53)
	at org.testng.SuiteRunnerWorker.run(SuiteRunnerWorker.java:96)
	at org.testng.TestNG.runSuitesSequentially(TestNG.java:1212)
	at org.testng.TestNG.runSuitesLocally(TestNG.java:1134)
	at org.testng.TestNG.runSuites(TestNG.java:1063)
	at org.testng.TestNG.run(TestNG.java:1031)
	at org.testng.remote.AbstractRemoteTestNG.run(AbstractRemoteTestNG.java:115)
	at org.testng.remote.RemoteTestNG.initAndRun(RemoteTestNG.java:293)
	at org.testng.remote.RemoteTestNG.main(RemoteTestNG.java:91)
</pre></div></td>
<td>0</td>
<td>seleniumWebdriver.TC003@530a8454</td></tr>
<tr>
<td title='seleniumWebdriver.TC002.testUserName()'><b>testUserName</b><br>Test class: seleniumWebdriver.TC002</td>
<td><div><pre>java.lang.AssertionError: The following asserts failed:
	expected [ad] but found [admin]
	at seleniumWebdriver.TC002.testUserName(TC002.java:33)
	at java.base/java.util.ArrayList.forEach(ArrayList.java:1596)
... Removed 27 stack frames</pre></div><a href='#' onClick='toggleBox("stack-trace905940937", this, "Click to show all stack frames", "Click to hide stack frames")'>Click to show all stack frames</a>
<div class='stack-trace' id='stack-trace905940937'><pre>java.lang.AssertionError: The following asserts failed:
	expected [ad] but found [admin]
	at org.testng.asserts.SoftAssert.assertAll(SoftAssert.java:47)
	at org.testng.asserts.SoftAssert.assertAll(SoftAssert.java:31)
	at seleniumWebdriver.TC002.testUserName(TC002.java:33)
	at java.base/jdk.internal.reflect.DirectMethodHandleAccessor.invoke(DirectMethodHandleAccessor.java:103)
	at java.base/java.lang.reflect.Method.invoke(Method.java:580)
	at org.testng.internal.MethodInvocationHelper.invokeMethod(MethodInvocationHelper.java:133)
	at org.testng.internal.TestInvoker.invokeMethod(TestInvoker.java:598)
	at org.testng.internal.TestInvoker.invokeTestMethod(TestInvoker.java:173)
	at org.testng.internal.MethodRunner.runInSequence(MethodRunner.java:46)
	at org.testng.internal.TestInvoker$MethodInvocationAgent.invoke(TestInvoker.java:824)
	at org.testng.internal.TestInvoker.invokeTestMethods(TestInvoker.java:146)
	at org.testng.internal.TestMethodWorker.invokeTestMethods(TestMethodWorker.java:146)
	at org.testng.internal.TestMethodWorker.run(TestMethodWorker.java:128)
	at java.base/java.util.ArrayList.forEach(ArrayList.java:1596)
	at org.testng.TestRunner.privateRun(TestRunner.java:794)
	at org.testng.TestRunner.run(TestRunner.java:596)
	at org.testng.SuiteRunner.runTest(SuiteRunner.java:377)
	at org.testng.SuiteRunner.runSequentially(SuiteRunner.java:371)
	at org.testng.SuiteRunner.privateRun(SuiteRunner.java:332)
	at org.testng.SuiteRunner.run(SuiteRunner.java:276)
	at org.testng.SuiteRunnerWorker.runSuite(SuiteRunnerWorker.java:53)
	at org.testng.SuiteRunnerWorker.run(SuiteRunnerWorker.java:96)
	at org.testng.TestNG.runSuitesSequentially(TestNG.java:1212)
	at org.testng.TestNG.runSuitesLocally(TestNG.java:1134)
	at org.testng.TestNG.runSuites(TestNG.java:1063)
	at org.testng.TestNG.run(TestNG.java:1031)
	at org.testng.remote.AbstractRemoteTestNG.run(AbstractRemoteTestNG.java:115)
	at org.testng.remote.RemoteTestNG.initAndRun(RemoteTestNG.java:293)
	at org.testng.remote.RemoteTestNG.main(RemoteTestNG.java:91)
</pre></div></td>
<td>0</td>
<td>seleniumWebdriver.TC002@757f675c</td></tr>
<tr>
<td title='seleniumWebdriver.TC006.testUsername()'><b>testUsername</b><br>Test class: seleniumWebdriver.TC006</td>
<td><div><pre>java.lang.AssertionError: expected [] but found [[[ChromeDriver: chrome on windows (b4560a1426277523dd9d208ff8ae15b9)] -&gt; xpath: //input[@id=&apos;email&apos;]]]
	at seleniumWebdriver.TC006.testUsername(TC006.java:28)
	at java.base/java.util.ArrayList.forEach(ArrayList.java:1596)
... Removed 30 stack frames</pre></div><a href='#' onClick='toggleBox("stack-trace369333979", this, "Click to show all stack frames", "Click to hide stack frames")'>Click to show all stack frames</a>
<div class='stack-trace' id='stack-trace369333979'><pre>java.lang.AssertionError: expected [] but found [[[ChromeDriver: chrome on windows (b4560a1426277523dd9d208ff8ae15b9)] -&gt; xpath: //input[@id=&apos;email&apos;]]]
	at org.testng.Assert.fail(Assert.java:99)
	at org.testng.Assert.failNotEquals(Assert.java:1037)
	at org.testng.Assert.assertEqualsImpl(Assert.java:140)
	at org.testng.Assert.assertEquals(Assert.java:122)
	at org.testng.Assert.assertEquals(Assert.java:617)
	at seleniumWebdriver.TC006.testUsername(TC006.java:28)
	at java.base/jdk.internal.reflect.DirectMethodHandleAccessor.invoke(DirectMethodHandleAccessor.java:103)
	at java.base/java.lang.reflect.Method.invoke(Method.java:580)
	at org.testng.internal.MethodInvocationHelper.invokeMethod(MethodInvocationHelper.java:133)
	at org.testng.internal.TestInvoker.invokeMethod(TestInvoker.java:598)
	at org.testng.internal.TestInvoker.invokeTestMethod(TestInvoker.java:173)
	at org.testng.internal.MethodRunner.runInSequence(MethodRunner.java:46)
	at org.testng.internal.TestInvoker$MethodInvocationAgent.invoke(TestInvoker.java:824)
	at org.testng.internal.TestInvoker.invokeTestMethods(TestInvoker.java:146)
	at org.testng.internal.TestMethodWorker.invokeTestMethods(TestMethodWorker.java:146)
	at org.testng.internal.TestMethodWorker.run(TestMethodWorker.java:128)
	at java.base/java.util.ArrayList.forEach(ArrayList.java:1596)
	at org.testng.TestRunner.privateRun(TestRunner.java:794)
	at org.testng.TestRunner.run(TestRunner.java:596)
	at org.testng.SuiteRunner.runTest(SuiteRunner.java:377)
	at org.testng.SuiteRunner.runSequentially(SuiteRunner.java:371)
	at org.testng.SuiteRunner.privateRun(SuiteRunner.java:332)
	at org.testng.SuiteRunner.run(SuiteRunner.java:276)
	at org.testng.SuiteRunnerWorker.runSuite(SuiteRunnerWorker.java:53)
	at org.testng.SuiteRunnerWorker.run(SuiteRunnerWorker.java:96)
	at org.testng.TestNG.runSuitesSequentially(TestNG.java:1212)
	at org.testng.TestNG.runSuitesLocally(TestNG.java:1134)
	at org.testng.TestNG.runSuites(TestNG.java:1063)
	at org.testng.TestNG.run(TestNG.java:1031)
	at org.testng.remote.AbstractRemoteTestNG.run(AbstractRemoteTestNG.java:115)
	at org.testng.remote.RemoteTestNG.initAndRun(RemoteTestNG.java:293)
	at org.testng.remote.RemoteTestNG.main(RemoteTestNG.java:91)
</pre></div></td>
<td>0</td>
<td>seleniumWebdriver.TC006@3591009c</td></tr>
<tr>
<td title='seleniumWebdriver.TC004.testPassword()'><b>testPassword</b><br>Test class: seleniumWebdriver.TC004</td>
<td><div><pre>java.lang.AssertionError: expected [] but found [[[ChromeDriver: chrome on windows (5ad34153e54093714ce987f6801d14b4)] -&gt; xpath: //input[@id=&apos;pass&apos;]]]
	at seleniumWebdriver.TC004.testPassword(TC004.java:39)
	at java.base/java.util.ArrayList.forEach(ArrayList.java:1596)
... Removed 30 stack frames</pre></div><a href='#' onClick='toggleBox("stack-trace1387671967", this, "Click to show all stack frames", "Click to hide stack frames")'>Click to show all stack frames</a>
<div class='stack-trace' id='stack-trace1387671967'><pre>java.lang.AssertionError: expected [] but found [[[ChromeDriver: chrome on windows (5ad34153e54093714ce987f6801d14b4)] -&gt; xpath: //input[@id=&apos;pass&apos;]]]
	at org.testng.Assert.fail(Assert.java:99)
	at org.testng.Assert.failNotEquals(Assert.java:1037)
	at org.testng.Assert.assertEqualsImpl(Assert.java:140)
	at org.testng.Assert.assertEquals(Assert.java:122)
	at org.testng.Assert.assertEquals(Assert.java:617)
	at seleniumWebdriver.TC004.testPassword(TC004.java:39)
	at java.base/jdk.internal.reflect.DirectMethodHandleAccessor.invoke(DirectMethodHandleAccessor.java:103)
	at java.base/java.lang.reflect.Method.invoke(Method.java:580)
	at org.testng.internal.MethodInvocationHelper.invokeMethod(MethodInvocationHelper.java:133)
	at org.testng.internal.TestInvoker.invokeMethod(TestInvoker.java:598)
	at org.testng.internal.TestInvoker.invokeTestMethod(TestInvoker.java:173)
	at org.testng.internal.MethodRunner.runInSequence(MethodRunner.java:46)
	at org.testng.internal.TestInvoker$MethodInvocationAgent.invoke(TestInvoker.java:824)
	at org.testng.internal.TestInvoker.invokeTestMethods(TestInvoker.java:146)
	at org.testng.internal.TestMethodWorker.invokeTestMethods(TestMethodWorker.java:146)
	at org.testng.internal.TestMethodWorker.run(TestMethodWorker.java:128)
	at java.base/java.util.ArrayList.forEach(ArrayList.java:1596)
	at org.testng.TestRunner.privateRun(TestRunner.java:794)
	at org.testng.TestRunner.run(TestRunner.java:596)
	at org.testng.SuiteRunner.runTest(SuiteRunner.java:377)
	at org.testng.SuiteRunner.runSequentially(SuiteRunner.java:371)
	at org.testng.SuiteRunner.privateRun(SuiteRunner.java:332)
	at org.testng.SuiteRunner.run(SuiteRunner.java:276)
	at org.testng.SuiteRunnerWorker.runSuite(SuiteRunnerWorker.java:53)
	at org.testng.SuiteRunnerWorker.run(SuiteRunnerWorker.java:96)
	at org.testng.TestNG.runSuitesSequentially(TestNG.java:1212)
	at org.testng.TestNG.runSuitesLocally(TestNG.java:1134)
	at org.testng.TestNG.runSuites(TestNG.java:1063)
	at org.testng.TestNG.run(TestNG.java:1031)
	at org.testng.remote.AbstractRemoteTestNG.run(AbstractRemoteTestNG.java:115)
	at org.testng.remote.RemoteTestNG.initAndRun(RemoteTestNG.java:293)
	at org.testng.remote.RemoteTestNG.main(RemoteTestNG.java:91)
</pre></div></td>
<td>0</td>
<td>seleniumWebdriver.TC004@62c5bbdc</td></tr>
<tr>
<td title='seleniumWebdriver.TC007.testPassword()'><b>testPassword</b><br>Test class: seleniumWebdriver.TC007</td>
<td><div><pre>java.lang.AssertionError: expected [$$$$] but found [admin@123]
	at seleniumWebdriver.TC007.testPassword(TC007.java:27)
	at java.base/java.util.ArrayList.forEach(ArrayList.java:1596)
... Removed 31 stack frames</pre></div><a href='#' onClick='toggleBox("stack-trace412835761", this, "Click to show all stack frames", "Click to hide stack frames")'>Click to show all stack frames</a>
<div class='stack-trace' id='stack-trace412835761'><pre>java.lang.AssertionError: expected [$$$$] but found [admin@123]
	at org.testng.Assert.fail(Assert.java:99)
	at org.testng.Assert.failNotEquals(Assert.java:1037)
	at org.testng.Assert.assertEqualsImpl(Assert.java:140)
	at org.testng.Assert.assertEquals(Assert.java:122)
	at org.testng.Assert.assertEquals(Assert.java:629)
	at org.testng.Assert.assertEquals(Assert.java:639)
	at seleniumWebdriver.TC007.testPassword(TC007.java:27)
	at java.base/jdk.internal.reflect.DirectMethodHandleAccessor.invoke(DirectMethodHandleAccessor.java:103)
	at java.base/java.lang.reflect.Method.invoke(Method.java:580)
	at org.testng.internal.MethodInvocationHelper.invokeMethod(MethodInvocationHelper.java:133)
	at org.testng.internal.TestInvoker.invokeMethod(TestInvoker.java:598)
	at org.testng.internal.TestInvoker.invokeTestMethod(TestInvoker.java:173)
	at org.testng.internal.MethodRunner.runInSequence(MethodRunner.java:46)
	at org.testng.internal.TestInvoker$MethodInvocationAgent.invoke(TestInvoker.java:824)
	at org.testng.internal.TestInvoker.invokeTestMethods(TestInvoker.java:146)
	at org.testng.internal.TestMethodWorker.invokeTestMethods(TestMethodWorker.java:146)
	at org.testng.internal.TestMethodWorker.run(TestMethodWorker.java:128)
	at java.base/java.util.ArrayList.forEach(ArrayList.java:1596)
	at org.testng.TestRunner.privateRun(TestRunner.java:794)
	at org.testng.TestRunner.run(TestRunner.java:596)
	at org.testng.SuiteRunner.runTest(SuiteRunner.java:377)
	at org.testng.SuiteRunner.runSequentially(SuiteRunner.java:371)
	at org.testng.SuiteRunner.privateRun(SuiteRunner.java:332)
	at org.testng.SuiteRunner.run(SuiteRunner.java:276)
	at org.testng.SuiteRunnerWorker.runSuite(SuiteRunnerWorker.java:53)
	at org.testng.SuiteRunnerWorker.run(SuiteRunnerWorker.java:96)
	at org.testng.TestNG.runSuitesSequentially(TestNG.java:1212)
	at org.testng.TestNG.runSuitesLocally(TestNG.java:1134)
	at org.testng.TestNG.runSuites(TestNG.java:1063)
	at org.testng.TestNG.run(TestNG.java:1031)
	at org.testng.remote.AbstractRemoteTestNG.run(AbstractRemoteTestNG.java:115)
	at org.testng.remote.RemoteTestNG.initAndRun(RemoteTestNG.java:293)
	at org.testng.remote.RemoteTestNG.main(RemoteTestNG.java:91)
</pre></div></td>
<td>0</td>
<td>seleniumWebdriver.TC007@72e34f77</td></tr>
<tr>
<td title='seleniumWebdriver.TC007.testUsername()'><b>testUsername</b><br>Test class: seleniumWebdriver.TC007</td>
<td><div><pre>java.lang.AssertionError: expected [$$$$] but found [admin]
	at seleniumWebdriver.TC007.testUsername(TC007.java:21)
	at java.base/java.util.ArrayList.forEach(ArrayList.java:1596)
... Removed 31 stack frames</pre></div><a href='#' onClick='toggleBox("stack-trace1502882632", this, "Click to show all stack frames", "Click to hide stack frames")'>Click to show all stack frames</a>
<div class='stack-trace' id='stack-trace1502882632'><pre>java.lang.AssertionError: expected [$$$$] but found [admin]
	at org.testng.Assert.fail(Assert.java:99)
	at org.testng.Assert.failNotEquals(Assert.java:1037)
	at org.testng.Assert.assertEqualsImpl(Assert.java:140)
	at org.testng.Assert.assertEquals(Assert.java:122)
	at org.testng.Assert.assertEquals(Assert.java:629)
	at org.testng.Assert.assertEquals(Assert.java:639)
	at seleniumWebdriver.TC007.testUsername(TC007.java:21)
	at java.base/jdk.internal.reflect.DirectMethodHandleAccessor.invoke(DirectMethodHandleAccessor.java:103)
	at java.base/java.lang.reflect.Method.invoke(Method.java:580)
	at org.testng.internal.MethodInvocationHelper.invokeMethod(MethodInvocationHelper.java:133)
	at org.testng.internal.TestInvoker.invokeMethod(TestInvoker.java:598)
	at org.testng.internal.TestInvoker.invokeTestMethod(TestInvoker.java:173)
	at org.testng.internal.MethodRunner.runInSequence(MethodRunner.java:46)
	at org.testng.internal.TestInvoker$MethodInvocationAgent.invoke(TestInvoker.java:824)
	at org.testng.internal.TestInvoker.invokeTestMethods(TestInvoker.java:146)
	at org.testng.internal.TestMethodWorker.invokeTestMethods(TestMethodWorker.java:146)
	at org.testng.internal.TestMethodWorker.run(TestMethodWorker.java:128)
	at java.base/java.util.ArrayList.forEach(ArrayList.java:1596)
	at org.testng.TestRunner.privateRun(TestRunner.java:794)
	at org.testng.TestRunner.run(TestRunner.java:596)
	at org.testng.SuiteRunner.runTest(SuiteRunner.java:377)
	at org.testng.SuiteRunner.runSequentially(SuiteRunner.java:371)
	at org.testng.SuiteRunner.privateRun(SuiteRunner.java:332)
	at org.testng.SuiteRunner.run(SuiteRunner.java:276)
	at org.testng.SuiteRunnerWorker.runSuite(SuiteRunnerWorker.java:53)
	at org.testng.SuiteRunnerWorker.run(SuiteRunnerWorker.java:96)
	at org.testng.TestNG.runSuitesSequentially(TestNG.java:1212)
	at org.testng.TestNG.runSuitesLocally(TestNG.java:1134)
	at org.testng.TestNG.runSuites(TestNG.java:1063)
	at org.testng.TestNG.run(TestNG.java:1031)
	at org.testng.remote.AbstractRemoteTestNG.run(AbstractRemoteTestNG.java:115)
	at org.testng.remote.RemoteTestNG.initAndRun(RemoteTestNG.java:293)
	at org.testng.remote.RemoteTestNG.main(RemoteTestNG.java:91)
</pre></div></td>
<td>0</td>
<td>seleniumWebdriver.TC007@72e34f77</td></tr>
</table><p>
<table width='100%' border='1' class='invocation-passed'>
<tr><td colspan='4' align='center'><b>PASSED TESTS</b></td></tr>
<tr><td><b>Test method</b></td>
<td width="30%"><b>Exception</b></td>
<td width="10%"><b>Time (seconds)</b></td>
<td><b>Instance</b></td>
</tr>
<tr>
<td title='seleniumWebdriver.TC003.testLogin()'><b>testLogin</b><br>Test class: seleniumWebdriver.TC003</td>
<td></td>
<td>0</td>
<td>seleniumWebdriver.TC003@530a8454</td></tr>
<tr>
<td title='seleniumWebdriver.TestNG1.test()'><b>test</b><br>Test class: seleniumWebdriver.TestNG1</td>
<td></td>
<td>0</td>
<td>seleniumWebdriver.TestNG1@68105edc</td></tr>
<tr>
<td title='seleniumWebdriver.TC005.testUsername()'><b>testUsername</b><br>Test class: seleniumWebdriver.TC005</td>
<td></td>
<td>0</td>
<td>seleniumWebdriver.TC005@2970a5bc</td></tr>
<tr>
<td title='seleniumWebdriver.TC005.testlogin()'><b>testlogin</b><br>Test class: seleniumWebdriver.TC005</td>
<td></td>
<td>0</td>
<td>seleniumWebdriver.TC005@2970a5bc</td></tr>
<tr>
<td title='seleniumWebdriver.TC001.testValidPassword()'><b>testValidPassword</b><br>Test class: seleniumWebdriver.TC001</td>
<td></td>
<td>0</td>
<td>seleniumWebdriver.TC001@60c16548</td></tr>
<tr>
<td title='seleniumWebdriver.TC007.testlogin()'><b>testlogin</b><br>Test class: seleniumWebdriver.TC007</td>
<td></td>
<td>0</td>
<td>seleniumWebdriver.TC007@72e34f77</td></tr>
<tr>
<td title='seleniumWebdriver.TC004.testOpenApplication()'><b>testOpenApplication</b><br>Test class: seleniumWebdriver.TC004</td>
<td></td>
<td>7</td>
<td>seleniumWebdriver.TC004@62c5bbdc</td></tr>
<tr>
<td title='seleniumWebdriver.TC006.testOpenApplication()'><b>testOpenApplication</b><br>Test class: seleniumWebdriver.TC006</td>
<td></td>
<td>6</td>
<td>seleniumWebdriver.TC006@3591009c</td></tr>
<tr>
<td title='seleniumWebdriver.TestNG1.testadd()'><b>testadd</b><br>Test class: seleniumWebdriver.TestNG1</td>
<td></td>
<td>0</td>
<td>seleniumWebdriver.TestNG1@68105edc</td></tr>
<tr>
<td title='seleniumWebdriver.TC005.testOpenApplication()'><b>testOpenApplication</b><br>Test class: seleniumWebdriver.TC005</td>
<td></td>
<td>5</td>
<td>seleniumWebdriver.TC005@2970a5bc</td></tr>
<tr>
<td title='seleniumWebdriver.TC003.testOpenApplication()'><b>testOpenApplication</b><br>Test class: seleniumWebdriver.TC003</td>
<td></td>
<td>3</td>
<td>seleniumWebdriver.TC003@530a8454</td></tr>
<tr>
<td title='seleniumWebdriver.TC003.testUsername()'><b>testUsername</b><br>Test class: seleniumWebdriver.TC003</td>
<td></td>
<td>0</td>
<td>seleniumWebdriver.TC003@530a8454</td></tr>
<tr>
<td title='seleniumWebdriver.TC002.testOpenApplication()'><b>testOpenApplication</b><br>Test class: seleniumWebdriver.TC002</td>
<td></td>
<td>5</td>
<td>seleniumWebdriver.TC002@757f675c</td></tr>
<tr>
<td title='seleniumWebdriver.TC007.testOpenApplication()'><b>testOpenApplication</b><br>Test class: seleniumWebdriver.TC007</td>
<td></td>
<td>2</td>
<td>seleniumWebdriver.TC007@72e34f77</td></tr>
<tr>
<td title='seleniumWebdriver.TC006.testlogin()'><b>testlogin</b><br>Test class: seleniumWebdriver.TC006</td>
<td></td>
<td>0</td>
<td>seleniumWebdriver.TC006@3591009c</td></tr>
<tr>
<td title='seleniumWebdriver.TC006.testPassword()'><b>testPassword</b><br>Test class: seleniumWebdriver.TC006</td>
<td></td>
<td>0</td>
<td>seleniumWebdriver.TC006@3591009c</td></tr>
<tr>
<td title='seleniumWebdriver.TC001.testValidUsername()'><b>testValidUsername</b><br>Test class: seleniumWebdriver.TC001</td>
<td></td>
<td>0</td>
<td>seleniumWebdriver.TC001@60c16548</td></tr>
<tr>
<td title='seleniumWebdriver.TC008.testLoginDisplay()'><b>testLoginDisplay</b><br>Test class: seleniumWebdriver.TC008</td>
<td></td>
<td>1</td>
<td>seleniumWebdriver.TC008@2c1b9e4b</td></tr>
<tr>
<td title='seleniumWebdriver.TestNG1.addtest()'><b>addtest</b><br>Test class: seleniumWebdriver.TestNG1</td>
<td></td>
<td>0</td>
<td>seleniumWebdriver.TestNG1@68105edc</td></tr>
<tr>
<td title='seleniumWebdriver.TC001.testlogin()'><b>testlogin</b><br>Test class: seleniumWebdriver.TC001</td>
<td></td>
<td>0</td>
<td>seleniumWebdriver.TC001@60c16548</td></tr>
<tr>
<td title='seleniumWebdriver.TC004.testLogin()'><b>testLogin</b><br>Test class: seleniumWebdriver.TC004</td>
<td></td>
<td>0</td>
<td>seleniumWebdriver.TC004@62c5bbdc</td></tr>
<tr>
<td title='seleniumWebdriver.TC001.testOpenApplication()'><b>testOpenApplication</b><br>Test class: seleniumWebdriver.TC001</td>
<td></td>
<td>3</td>
<td>seleniumWebdriver.TC001@60c16548</td></tr>
<tr>
<td title='seleniumWebdriver.TC002.testPassword()'><b>testPassword</b><br>Test class: seleniumWebdriver.TC002</td>
<td></td>
<td>1</td>
<td>seleniumWebdriver.TC002@757f675c</td></tr>
<tr>
<td title='seleniumWebdriver.TC002.testlogin()'><b>testlogin</b><br>Test class: seleniumWebdriver.TC002</td>
<td></td>
<td>0</td>
<td>seleniumWebdriver.TC002@757f675c</td></tr>
</table><p>
</body>
</html>