<?xml version="1.0" encoding="UTF-8"?>
<!-- Generated by org.testng.reporters.JUnitXMLReporter -->
<testsuite ignored="0" hostname="DESKTOP-BLPVR62" failures="8" tests="32" name="Test" time="41.952" errors="0" timestamp="2024-11-30T22:26:53 IST">
  <testcase classname="seleniumWebdriver.TC008" name="testLoginDisplay" time="1.727"/>
  <testcase classname="seleniumWebdriver.TC007" name="testOpenApplication" time="2.508"/>
  <testcase classname="seleniumWebdriver.TC007" name="testUsername" time="0.147">
    <failure type="java.lang.AssertionError" message="expected [$$$$] but found [admin]">
      <![CDATA[java.lang.AssertionError: expected [$$$$] but found [admin]
at seleniumWebdriver.TC007.testUsername(TC007.java:21)
at java.base/java.util.ArrayList.forEach(ArrayList.java:1596)
... Removed 31 stack frames]]>
    </failure>
  </testcase> <!-- testUsername -->
  <testcase classname="seleniumWebdriver.TC007" name="testPassword" time="0.214">
    <failure type="java.lang.AssertionError" message="expected [$$$$] but found [admin@123]">
      <![CDATA[java.lang.AssertionError: expected [$$$$] but found [admin@123]
at seleniumWebdriver.TC007.testPassword(TC007.java:27)
at java.base/java.util.ArrayList.forEach(ArrayList.java:1596)
... Removed 31 stack frames]]>
    </failure>
  </testcase> <!-- testPassword -->
  <testcase classname="seleniumWebdriver.TC007" name="testlogin" time="0.191"/>
  <testcase classname="seleniumWebdriver.TC006" name="testOpenApplication" time="6.173"/>
  <testcase classname="seleniumWebdriver.TC006" name="testUsername" time="0.03">
    <failure type="java.lang.AssertionError" message="expected [] but found [[[ChromeDriver: chrome on windows (b4560a1426277523dd9d208ff8ae15b9)] -&amp;gt; xpath: //input[@id=&amp;apos;email&amp;apos;]]]">
      <![CDATA[java.lang.AssertionError: expected [] but found [[[ChromeDriver: chrome on windows (b4560a1426277523dd9d208ff8ae15b9)] -> xpath: //input[@id='email']]]
at seleniumWebdriver.TC006.testUsername(TC006.java:28)
at java.base/java.util.ArrayList.forEach(ArrayList.java:1596)
... Removed 30 stack frames]]>
    </failure>
  </testcase> <!-- testUsername -->
  <testcase classname="seleniumWebdriver.TC006" name="testPassword" time="0.225"/>
  <testcase classname="seleniumWebdriver.TC006" name="testlogin" time="0.125"/>
  <testcase classname="seleniumWebdriver.TC005" name="testOpenApplication" time="5.558"/>
  <testcase classname="seleniumWebdriver.TC005" name="testUsername" time="0.227"/>
  <testcase classname="seleniumWebdriver.TC005" name="testPassword" time="0.109">
    <failure type="java.lang.AssertionError" message="expected [] but found [[[ChromeDriver: chrome on windows (b5c812def2b7dbbcf6c66c930aeb6a9a)] -&amp;gt; xpath: //input[@id=&amp;apos;pass&amp;apos;]]]">
      <![CDATA[java.lang.AssertionError: expected [] but found [[[ChromeDriver: chrome on windows (b5c812def2b7dbbcf6c66c930aeb6a9a)] -> xpath: //input[@id='pass']]]
at seleniumWebdriver.TC005.testPassword(TC005.java:35)
at java.base/java.util.ArrayList.forEach(ArrayList.java:1596)
... Removed 30 stack frames]]>
    </failure>
  </testcase> <!-- testPassword -->
  <testcase classname="seleniumWebdriver.TC005" name="testlogin" time="0.13"/>
  <testcase classname="seleniumWebdriver.TC004" name="testOpenApplication" time="7.31"/>
  <testcase classname="seleniumWebdriver.TC004" name="testUsername" time="0.62">
    <failure type="java.lang.AssertionError" message="expected [] but found [[[ChromeDriver: chrome on windows (5ad34153e54093714ce987f6801d14b4)] -&amp;gt; xpath: //input[@id=&amp;apos;email&amp;apos;]]]">
      <![CDATA[java.lang.AssertionError: expected [] but found [[[ChromeDriver: chrome on windows (5ad34153e54093714ce987f6801d14b4)] -> xpath: //input[@id='email']]]
at seleniumWebdriver.TC004.testUsername(TC004.java:30)
at java.base/java.util.ArrayList.forEach(ArrayList.java:1596)
... Removed 30 stack frames]]>
    </failure>
  </testcase> <!-- testUsername -->
  <testcase classname="seleniumWebdriver.TC004" name="testPassword" time="0.325">
    <failure type="java.lang.AssertionError" message="expected [] but found [[[ChromeDriver: chrome on windows (5ad34153e54093714ce987f6801d14b4)] -&amp;gt; xpath: //input[@id=&amp;apos;pass&amp;apos;]]]">
      <![CDATA[java.lang.AssertionError: expected [] but found [[[ChromeDriver: chrome on windows (5ad34153e54093714ce987f6801d14b4)] -> xpath: //input[@id='pass']]]
at seleniumWebdriver.TC004.testPassword(TC004.java:39)
at java.base/java.util.ArrayList.forEach(ArrayList.java:1596)
... Removed 30 stack frames]]>
    </failure>
  </testcase> <!-- testPassword -->
  <testcase classname="seleniumWebdriver.TC004" name="testLogin" time="0.252"/>
  <testcase classname="seleniumWebdriver.TC003" name="testOpenApplication" time="3.492"/>
  <testcase classname="seleniumWebdriver.TC003" name="testUsername" time="0.218"/>
  <testcase classname="seleniumWebdriver.TC003" name="testPassword" time="0.154">
    <failure type="java.lang.AssertionError" message="The following asserts failed:
	expected [admin@12] but found [admin@123]">
      <![CDATA[java.lang.AssertionError: The following asserts failed:
expected [admin@12] but found [admin@123]
at seleniumWebdriver.TC003.testPassword(TC003.java:40)
at java.base/java.util.ArrayList.forEach(ArrayList.java:1596)
... Removed 27 stack frames]]>
    </failure>
  </testcase> <!-- testPassword -->
  <testcase classname="seleniumWebdriver.TC003" name="testLogin" time="0.187"/>
  <testcase classname="seleniumWebdriver.TC002" name="testOpenApplication" time="5.376"/>
  <testcase classname="seleniumWebdriver.TC002" name="testUserName" time="0.499">
    <failure type="java.lang.AssertionError" message="The following asserts failed:
	expected [ad] but found [admin]">
      <![CDATA[java.lang.AssertionError: The following asserts failed:
expected [ad] but found [admin]
at seleniumWebdriver.TC002.testUserName(TC002.java:33)
at java.base/java.util.ArrayList.forEach(ArrayList.java:1596)
... Removed 27 stack frames]]>
    </failure>
  </testcase> <!-- testUserName -->
  <testcase classname="seleniumWebdriver.TC002" name="testPassword" time="1.044"/>
  <testcase classname="seleniumWebdriver.TC002" name="testlogin" time="0.481"/>
  <testcase classname="seleniumWebdriver.TC001" name="testOpenApplication" time="3.439"/>
  <testcase classname="seleniumWebdriver.TC001" name="testValidUsername" time="0.234"/>
  <testcase classname="seleniumWebdriver.TC001" name="testValidPassword" time="0.24"/>
  <testcase classname="seleniumWebdriver.TC001" name="testlogin" time="0.466"/>
  <testcase classname="seleniumWebdriver.TestNG1" name="addtest" time="0.012"/>
  <testcase classname="seleniumWebdriver.TestNG1" name="test" time="0.005"/>
  <testcase classname="seleniumWebdriver.TestNG1" name="testadd" time="0.027"/>
</testsuite> <!-- Test -->
